Arguments: 
  C:\Program Files\nodejs\node.exe C:\Program Files (x86)\Yarn\bin\yarn.js add pug pug-loader

PATH: 
  C:\Users\User\bin;C:\Program Files\Git\mingw64\bin;C:\Program Files\Git\usr\local\bin;C:\Program Files\Git\usr\bin;C:\Program Files\Git\usr\bin;C:\Program Files\Git\mingw64\bin;C:\Program Files\Git\usr\bin;C:\Users\User\bin;C:\Windows\system32;C:\Windows;C:\Windows\System32\Wbem;C:\Windows\System32\WindowsPowerShell\v1.0;C:\Program Files (x86)\NVIDIA Corporation\PhysX\Common;C:\Program Files (x86)\Brackets\command;C:\Program Files\nodejs;C:\Program Files\Git\cmd;C:\Program Files\TortoiseGit\bin;C:\Program Files (x86)\Yarn\bin;C:\Program Files\Microsoft VS Code\bin;C:\Program Files\Microsoft VS Code\bin;C:\Users\User\AppData\Roaming\npm;C:\Users\User\AppData\Local\Yarn\bin;C:\Program Files\Git\usr\bin\vendor_perl;C:\Program Files\Git\usr\bin\core_perl

Yarn version: 
  1.7.0

Node version: 
  8.11.1

Platform: 
  win32 x64

Trace: 
  Error: EPERM: operation not permitted, unlink 'C:\project\VuePractice\node_modules\node-sass\vendor\win32-x64-57\binding.node'

npm manifest: 
  {
    "name": "esports-client",
    "version": "1.0.0",
    "description": "eSports Client Website",
    "author": "PowerNet",
    "private": true,
    "scripts": {
      "dev": "node build/dev-server.js",
      "start": "npm run dev",
      "build": "node build/build.js"
    },
    "dependencies": {
      "axios": "^0.17.1",
      "element-ui": "^2.0.3",
      "vue": "^2.5.2",
      "vue-axios": "^2.0.2",
      "vue-router": "^3.0.1"
    },
    "devDependencies": {
      "autoprefixer": "^7.1.2",
      "babel-core": "^6.22.1",
      "babel-loader": "^7.1.1",
      "babel-plugin-transform-runtime": "^6.22.0",
      "babel-preset-env": "^1.3.2",
      "babel-preset-stage-2": "^6.22.0",
      "babel-register": "^6.22.0",
      "chalk": "^2.0.1",
      "connect-history-api-fallback": "^1.3.0",
      "copy-webpack-plugin": "^4.0.1",
      "css-loader": "^0.28.0",
      "eventsource-polyfill": "^0.9.6",
      "express": "^4.14.1",
      "extract-text-webpack-plugin": "^3.0.0",
      "file-loader": "^1.1.4",
      "friendly-errors-webpack-plugin": "^1.6.1",
      "html-webpack-plugin": "^2.30.1",
      "http-proxy-middleware": "^0.17.3",
      "node-sass": "^4.6.0",
      "opn": "^5.1.0",
      "optimize-css-assets-webpack-plugin": "^3.2.0",
      "ora": "^1.2.0",
      "portfinder": "^1.0.13",
      "rimraf": "^2.6.0",
      "sass-loader": "^6.0.6",
      "semver": "^5.3.0",
      "shelljs": "^0.7.6",
      "style-loader": "^0.19.0",
      "url-loader": "^0.5.8",
      "vue-loader": "^13.3.0",
      "vue-style-loader": "^3.0.1",
      "vue-template-compiler": "^2.5.2",
      "webpack": "^3.6.0",
      "webpack-bundle-analyzer": "^2.9.0",
      "webpack-dev-middleware": "^1.12.0",
      "webpack-hot-middleware": "^2.18.2",
      "webpack-merge": "^4.1.0"
    },
    "engines": {
      "node": ">= 4.0.0",
      "npm": ">= 3.0.0"
    },
    "browserslist": [
      "> 1%",
      "last 2 versions",
      "not ie <= 8"
    ]
  }

yarn manifest: 
  No manifest

Lockfile: 
  No lockfile
